Copyright 1986-2019 Xilinx, Inc. All Rights Reserved.
------------------------------------------------------------------------------------
| Tool Version : Vivado v.2019.2 (lin64) Build 2708876 Wed Nov  6 21:39:14 MST 2019
| Date         : Sun Aug 13 11:51:52 2023
| Host         : weinijuan-A29R running 64-bit Ubuntu 23.04
| Command      : upgrade_ip
| Device       : xc7a200tfbg676-2
------------------------------------------------------------------------------------

Upgrade Log for IP 'sram_32x52bit'

1. Summary
----------

SUCCESS in the upgrade of sram_32x52bit (xilinx.com:ip:blk_mem_gen:8.4) from (Rev. 3) to (Rev. 4)






Copyright 1986-2019 Xilinx, Inc. All Rights Reserved.
------------------------------------------------------------------------------------
| Tool Version : Vivado v.2019.2 (lin64) Build 2708876 Wed Nov  6 21:39:14 MST 2019
| Date         : Sun Aug 13 11:51:52 2023
| Host         : weinijuan-A29R running 64-bit Ubuntu 23.04
| Command      : upgrade_ip
| Device       : xc7a200tfbg676-2
------------------------------------------------------------------------------------

Upgrade Log for IP 'sram_128x64'

1. Summary
----------

SUCCESS in the upgrade of sram_128x64 (xilinx.com:ip:blk_mem_gen:8.4) from (Rev. 3) to (Rev. 4)






Copyright 1986-2019 Xilinx, Inc. All Rights Reserved.
------------------------------------------------------------------------------------
| Tool Version : Vivado v.2019.2 (lin64) Build 2708876 Wed Nov  6 21:39:14 MST 2019
| Date         : Sun Aug 13 11:51:52 2023
| Host         : weinijuan-A29R running 64-bit Ubuntu 23.04
| Command      : upgrade_ip
| Device       : xc7a200tfbg676-2
------------------------------------------------------------------------------------

Upgrade Log for IP 'sram_128x32'

1. Summary
----------

SUCCESS in the upgrade of sram_128x32 (xilinx.com:ip:blk_mem_gen:8.4) from (Rev. 3) to (Rev. 4)






Copyright 1986-2019 Xilinx, Inc. All Rights Reserved.
------------------------------------------------------------------------------------
| Tool Version : Vivado v.2019.2 (lin64) Build 2708876 Wed Nov  6 21:39:14 MST 2019
| Date         : Sun Aug 13 11:51:51 2023
| Host         : weinijuan-A29R running 64-bit Ubuntu 23.04
| Command      : upgrade_ip
| Device       : xc7a200tfbg676-2
------------------------------------------------------------------------------------

Upgrade Log for IP 'sram_128x22'

1. Summary
----------

SUCCESS in the upgrade of sram_128x22 (xilinx.com:ip:blk_mem_gen:8.4) from (Rev. 3) to (Rev. 4)






Copyright 1986-2019 Xilinx, Inc. All Rights Reserved.
------------------------------------------------------------------------------------
| Tool Version : Vivado v.2019.2 (lin64) Build 2708876 Wed Nov  6 21:39:14 MST 2019
| Date         : Sun Aug 13 11:51:51 2023
| Host         : weinijuan-A29R running 64-bit Ubuntu 23.04
| Command      : upgrade_ip
| Device       : xc7a200tfbg676-2
------------------------------------------------------------------------------------

Upgrade Log for IP 'dpram_512x32'

1. Summary
----------

SUCCESS in the upgrade of dpram_512x32 (xilinx.com:ip:blk_mem_gen:8.4) from (Rev. 3) to (Rev. 4)






Copyright 1986-2019 Xilinx, Inc. All Rights Reserved.
------------------------------------------------------------------------------------
| Tool Version : Vivado v.2019.2 (lin64) Build 2708876 Wed Nov  6 21:39:14 MST 2019
| Date         : Sun Aug 13 11:51:51 2023
| Host         : weinijuan-A29R running 64-bit Ubuntu 23.04
| Command      : upgrade_ip
| Device       : xc7a200tfbg676-2
------------------------------------------------------------------------------------

Upgrade Log for IP 'clk_wiz_0'

1. Summary
----------

SUCCESS in the upgrade of clk_wiz_0 (xilinx.com:ip:clk_wiz:6.0) from (Rev. 3) to (Rev. 4)






Copyright 1986-2019 Xilinx, Inc. All Rights Reserved.
------------------------------------------------------------------------------------
| Tool Version : Vivado v.2019.2 (lin64) Build 2708876 Wed Nov  6 21:39:14 MST 2019
| Date         : Sun Aug 13 11:51:50 2023
| Host         : weinijuan-A29R running 64-bit Ubuntu 23.04
| Command      : upgrade_ip
| Device       : xc7a200tfbg676-2
------------------------------------------------------------------------------------

Upgrade Log for IP 'clk_pll_33'

1. Summary
----------

SUCCESS in the upgrade of clk_pll_33 (xilinx.com:ip:clk_wiz:6.0) from (Rev. 3) to (Rev. 4)






Copyright 1986-2019 Xilinx, Inc. All Rights Reserved.
------------------------------------------------------------------------------------
| Tool Version : Vivado v.2019.2 (lin64) Build 2708876 Wed Nov  6 21:39:14 MST 2019
| Date         : Sun Aug 13 11:51:50 2023
| Host         : weinijuan-A29R running 64-bit Ubuntu 23.04
| Command      : upgrade_ip
| Device       : xc7a200tfbg676-2
------------------------------------------------------------------------------------

Upgrade Log for IP 'axi_interconnect_0'

1. Summary
----------

SUCCESS in the upgrade of axi_interconnect_0 (xilinx.com:ip:axi_interconnect:1.7) from (Rev. 16) to (Rev. 17)






Copyright 1986-2019 Xilinx, Inc. All Rights Reserved.
------------------------------------------------------------------------------------
| Tool Version : Vivado v.2019.2 (lin64) Build 2708876 Wed Nov  6 21:39:14 MST 2019
| Date         : Sun Aug 13 11:51:49 2023
| Host         : weinijuan-A29R running 64-bit Ubuntu 23.04
| Command      : upgrade_ip
| Device       : xc7a200tfbg676-2
------------------------------------------------------------------------------------

Upgrade Log for IP 'axi_clock_converter_0'

1. Summary
----------

SUCCESS in the upgrade of axi_clock_converter_0 (xilinx.com:ip:axi_clock_converter:2.1) from (Rev. 18) to (Rev. 19)

